<?xml version="1.0" encoding="UTF-8"?>
<!-- Generated by org.testng.reporters.JUnitXMLReporter -->
<testsuite ignored="0" hostname="LAPTOP-CFJQRAR0" failures="0" tests="3" name="LoginTest" time="40.805" errors="0" timestamp="2025-08-16T17:46:44 IST">
  <testcase classname="testCases.TC002_LoginTest" name="verify_login_Valid_Credentials" time="5.334"/>
  <testcase classname="testCases.TC002_LoginTest" name="verify_login_inValid_Credentials" time="3.164">
    <skipped/>
  </testcase> <!-- verify_login_inValid_Credentials -->
  <testcase classname="testCases.TC002_LoginTest" name="verify_login_inValid_Credentials" time="5.156">
    <skipped/>
  </testcase> <!-- verify_login_inValid_Credentials -->
</testsuite> <!-- LoginTest -->
