<?xml version="1.0" encoding="UTF-8"?>
<!-- Generated by org.testng.reporters.JUnitXMLReporter -->
<testsuite ignored="4" hostname="LAPTOP-CFJQRAR0" failures="0" tests="20" name="Test" time="205.207" errors="0" timestamp="2025-09-23T09:04:18 IST">
  <testcase classname="testCases.TC001_AccountRegistration" name="verify_account_registration" time="6.113"/>
  <testcase classname="testCases.TC001_AccountRegistration" name="verify_account_registration_EmailConfirmation" time="6.48"/>
  <testcase classname="testCases.TC001_AccountRegistration" name="verify_account_registration_Newsletter_No_Validation" time="5.117"/>
  <testcase classname="testCases.TC001_AccountRegistration" name="verify_account_registration_Newsletter_yes_Validation" time="11.103"/>
  <testcase classname="testCases.TC001_AccountRegistration" name="verify_account_registration_Different_password" time="6.059"/>
  <testcase classname="testCases.TC001_AccountRegistration" name="verify_account_registration_DontCheckPrivacyPolicy" time="8.618"/>
  <testcase classname="testCases.TC001_AccountRegistration" name="verify_account_registration_AlreadyExistEmail" time="6.675"/>
  <testcase classname="testCases.TC001_AccountRegistration" name="verify_account_registration_InvalidaEmail" time="6.091"/>
  <testcase classname="testCases.TC001_AccountRegistration" name="verify_account_registration_FirstNameMandatory" time="7.393"/>
  <testcase classname="testCases.TC001_AccountRegistration" name="verify_account_registration_NoConfirmationPwd" time="8.137"/>
  <testcase classname="testCases.TC002_LoginTest" name="verify_login_Valid_Credentials" time="4.846"/>
  <testcase classname="testCases.TC002_LoginTest" name="verify_login_inValid_Credentials" time="6.086"/>
  <testcase classname="testCases.TC002_LoginTest" name="verify_login_inValid_pwd" time="5.591"/>
  <testcase classname="testCases.TC002_LoginTest" name="verify_login_inValid_pwd_Email" time="4.008"/>
  <testcase classname="testCases.TC002_LoginTest" name="verify_login_withoutEmail_pwd" time="2.818"/>
  <testcase classname="testCases.TC002_LoginTest" name="verify_login_Forget_Password_Evaluation" time="2.007"/>
  <testcase classname="testCases.TC002_LoginTest" name="verify_login_Login_navigate_To_Different_pages" time="3.653"/>
  <testcase classname="testCases.TC002_LoginTest" name="verify_login_Login_navigate_To_Different_pages_windows" time="4.078"/>
  <testcase classname="testCases.TC002_LoginTest" name="verify_login_Regisert_Account_Text_validation" time="1.759"/>
  <testcase classname="testCases.TC002_LoginTest" name="verify_login_options_Available_on_LoginPage" time="2.239"/>
  <testcase classname="testBase.BaseClass" name="@BeforeTest beforeTest" time="0.0">
    <ignored/>
  </testcase> <!-- @BeforeTest beforeTest -->
  <testcase classname="testBase.BaseClass" name="@AfterSuite afterSuite" time="0.0">
    <ignored/>
  </testcase> <!-- @AfterSuite afterSuite -->
  <testcase classname="testBase.BaseClass" name="@BeforeSuite beforeSuite" time="0.0">
    <ignored/>
  </testcase> <!-- @BeforeSuite beforeSuite -->
  <testcase classname="testBase.BaseClass" name="@AfterTest afterTest" time="0.0">
    <ignored/>
  </testcase> <!-- @AfterTest afterTest -->
</testsuite> <!-- Test -->
