<?xml version="1.0" encoding="UTF-8"?>
<!-- Generated by org.testng.reporters.JUnitXMLReporter -->
<testsuite ignored="0" hostname="LAPTOP-CFJQRAR0" failures="0" tests="4" name="test" time="37.317" errors="0" timestamp="2025-08-11T10:27:17 IST">
  <testcase classname="testCases.TC002_LoginTest" name="verify_login_Forget_Password_Evaluation" time="2.355"/>
  <testcase classname="testCases.TC002_LoginTest" name="verify_login_Valid_Credentials" time="2.653"/>
  <testcase classname="testCases.TC002_LoginTest" name="verify_login_inValid_Credentials" time="3.262">
    <skipped/>
  </testcase> <!-- verify_login_inValid_Credentials -->
  <testcase classname="testCases.TC002_LoginTest" name="verify_login_inValid_Credentials" time="3.929">
    <skipped/>
  </testcase> <!-- verify_login_inValid_Credentials -->
</testsuite> <!-- test -->
