<?xml version="1.0" encoding="UTF-8"?>
<!-- Generated by org.testng.reporters.JUnitXMLReporter -->
<testsuite ignored="0" hostname="LAPTOP-CFJQRAR0" failures="0" tests="2" name="test2" time="62.743" errors="0" timestamp="2025-07-21T15:43:52 IST">
  <testcase classname="testCases.TC003_LoginDDT" name="verify_loginDDT" time="12.144">
    <skipped/>
  </testcase> <!-- verify_loginDDT -->
  <testcase classname="testCases.TC003_LoginDDT" name="verify_loginDDT" time="20.61">
    <skipped/>
  </testcase> <!-- verify_loginDDT -->
</testsuite> <!-- test2 -->
