<?xml version="1.0" encoding="UTF-8"?>
<!-- Generated by org.testng.reporters.JUnitXMLReporter -->
<testsuite ignored="0" hostname="LAPTOP-CFJQRAR0" failures="0" tests="2" name="Windows Edge Test" time="360.259" errors="0" timestamp="2025-08-06T02:41:55 IST">
  <testcase classname="testCases.TC001_AccountRegistration" name="verify_account_registration" time="0.0">
    <skipped/>
  </testcase> <!-- verify_account_registration -->
  <testcase classname="testCases.TC002_LoginTest" name="verify_login" time="0.0">
    <skipped/>
  </testcase> <!-- verify_login -->
</testsuite> <!-- Windows Edge Test -->
