<?xml version="1.0" encoding="UTF-8"?>
<testsuite xmlns:xsi="http://www.w3.org/2001/XMLSchema-instance" xsi:noNamespaceSchemaLocation="https://maven.apache.org/surefire/maven-surefire-plugin/xsd/surefire-test-report-3.0.xsd" version="3.0" name="TestSuite" time="15.154" tests="1" errors="0" skipped="0" failures="0">
  <properties>
[...]
</properties>
  <testcase name="verify_login" classname="testCases.TC002_LoginTest" time="3.047">
    <system-out><![CDATA[2025-08-05 23:05:01 WARN  TestNGContentHandler:133 - It is strongly recommended to add "<!DOCTYPE suite SYSTEM "https://testng.org/testng-1.1.dtd" >" at the top of the suite file [C:\Users\ADC\eclipse-workspace\openkartV21\grid-docker.xml] otherwise TestNG may fail or not work as expected.
2025-08-05 23:05:07 INFO  TC002_LoginTest:16 - ****** Startign TC_002_LoginTest *****
2025-08-05 23:05:10 INFO  TC002_LoginTest:41 - ****** Finished TC_002_LoginTest *****
]]></system-out>
    <system-err><![CDATA[2025-08-05T17:35:01.254536600Z main INFO Starting configuration XmlConfiguration[location=C:\Users\ADC\eclipse-workspace\openkartV21\target\test-classes\log4j2.xml, lastModified=2025-07-06T13:47:46.917Z]...
2025-08-05T17:35:01.257497700Z main INFO Configuration XmlConfiguration[location=C:\Users\ADC\eclipse-workspace\openkartV21\target\test-classes\log4j2.xml, lastModified=2025-07-06T13:47:46.917Z] started.
2025-08-05T17:35:01.260082900Z main INFO Stopping configuration org.apache.logging.log4j.core.config.DefaultConfiguration@418e7838...
2025-08-05T17:35:01.261094100Z main INFO Configuration org.apache.logging.log4j.core.config.DefaultConfiguration@418e7838 stopped.
Aug 05, 2025 11:05:02 PM org.openqa.selenium.remote.tracing.opentelemetry.OpenTelemetryTracer createTracer
INFO: Using OpenTelemetry for tracing
]]></system-err>
  </testcase>
</testsuite>