<?xml version="1.0" encoding="UTF-8"?>
<testng-results ignored="0" total="20" passed="20" failed="0" skipped="0">
  <reporter-output>
  </reporter-output>
  <suite started-at="2025-09-23T09:00:50 IST" name="Suite" finished-at="2025-09-23T09:04:15 IST" duration-ms="205207">
    <groups>
      <group name="Master">
        <method signature="TC001_AccountRegistration.verify_account_registration()[pri:1, instance:testCases.TC001_AccountRegistration@6e509ffa]" name="verify_account_registration" class="testCases.TC001_AccountRegistration"/>
        <method signature="TC002_LoginTest.verify_login_Valid_Credentials()[pri:1, instance:testCases.TC002_LoginTest@6a2b953e]" name="verify_login_Valid_Credentials" class="testCases.TC002_LoginTest"/>
        <method signature="TC001_AccountRegistration.verify_account_registration_EmailConfirmation()[pri:2, instance:testCases.TC001_AccountRegistration@6e509ffa]" name="verify_account_registration_EmailConfirmation" class="testCases.TC001_AccountRegistration"/>
        <method signature="TC002_LoginTest.verify_login_inValid_Credentials()[pri:2, instance:testCases.TC002_LoginTest@6a2b953e]" name="verify_login_inValid_Credentials" class="testCases.TC002_LoginTest"/>
        <method signature="TC001_AccountRegistration.verify_account_registration_Newsletter_No_Validation()[pri:3, instance:testCases.TC001_AccountRegistration@6e509ffa]" name="verify_account_registration_Newsletter_No_Validation" class="testCases.TC001_AccountRegistration"/>
        <method signature="TC002_LoginTest.verify_login_inValid_pwd()[pri:3, instance:testCases.TC002_LoginTest@6a2b953e]" name="verify_login_inValid_pwd" class="testCases.TC002_LoginTest"/>
        <method signature="TC001_AccountRegistration.verify_account_registration_Newsletter_yes_Validation()[pri:4, instance:testCases.TC001_AccountRegistration@6e509ffa]" name="verify_account_registration_Newsletter_yes_Validation" class="testCases.TC001_AccountRegistration"/>
        <method signature="TC002_LoginTest.verify_login_inValid_pwd_Email()[pri:4, instance:testCases.TC002_LoginTest@6a2b953e]" name="verify_login_inValid_pwd_Email" class="testCases.TC002_LoginTest"/>
        <method signature="TC001_AccountRegistration.verify_account_registration_Different_password()[pri:5, instance:testCases.TC001_AccountRegistration@6e509ffa]" name="verify_account_registration_Different_password" class="testCases.TC001_AccountRegistration"/>
        <method signature="TC002_LoginTest.verify_login_withoutEmail_pwd()[pri:5, instance:testCases.TC002_LoginTest@6a2b953e]" name="verify_login_withoutEmail_pwd" class="testCases.TC002_LoginTest"/>
        <method signature="TC001_AccountRegistration.verify_account_registration_DontCheckPrivacyPolicy()[pri:6, instance:testCases.TC001_AccountRegistration@6e509ffa]" name="verify_account_registration_DontCheckPrivacyPolicy" class="testCases.TC001_AccountRegistration"/>
        <method signature="TC002_LoginTest.verify_login_Forget_Password_Evaluation()[pri:6, instance:testCases.TC002_LoginTest@6a2b953e]" name="verify_login_Forget_Password_Evaluation" class="testCases.TC002_LoginTest"/>
        <method signature="TC001_AccountRegistration.verify_account_registration_AlreadyExistEmail()[pri:7, instance:testCases.TC001_AccountRegistration@6e509ffa]" name="verify_account_registration_AlreadyExistEmail" class="testCases.TC001_AccountRegistration"/>
        <method signature="TC002_LoginTest.verify_login_Login_navigate_To_Different_pages()[pri:7, instance:testCases.TC002_LoginTest@6a2b953e]" name="verify_login_Login_navigate_To_Different_pages" class="testCases.TC002_LoginTest"/>
        <method signature="TC001_AccountRegistration.verify_account_registration_InvalidaEmail()[pri:8, instance:testCases.TC001_AccountRegistration@6e509ffa]" name="verify_account_registration_InvalidaEmail" class="testCases.TC001_AccountRegistration"/>
        <method signature="TC002_LoginTest.verify_login_Login_navigate_To_Different_pages_windows()[pri:8, instance:testCases.TC002_LoginTest@6a2b953e]" name="verify_login_Login_navigate_To_Different_pages_windows" class="testCases.TC002_LoginTest"/>
        <method signature="TC001_AccountRegistration.verify_account_registration_FirstNameMandatory()[pri:9, instance:testCases.TC001_AccountRegistration@6e509ffa]" name="verify_account_registration_FirstNameMandatory" class="testCases.TC001_AccountRegistration"/>
        <method signature="TC002_LoginTest.verify_login_Regisert_Account_Text_validation()[pri:9, instance:testCases.TC002_LoginTest@6a2b953e]" name="verify_login_Regisert_Account_Text_validation" class="testCases.TC002_LoginTest"/>
        <method signature="TC001_AccountRegistration.verify_account_registration_NoConfirmationPwd()[pri:10, instance:testCases.TC001_AccountRegistration@6e509ffa]" name="verify_account_registration_NoConfirmationPwd" class="testCases.TC001_AccountRegistration"/>
        <method signature="TC002_LoginTest.verify_login_options_Available_on_LoginPage()[pri:10, instance:testCases.TC002_LoginTest@6a2b953e]" name="verify_login_options_Available_on_LoginPage" class="testCases.TC002_LoginTest"/>
      </group> <!-- Master -->
      <group name="Sanity">
        <method signature="TC002_LoginTest.verify_login_Valid_Credentials()[pri:1, instance:testCases.TC002_LoginTest@6a2b953e]" name="verify_login_Valid_Credentials" class="testCases.TC002_LoginTest"/>
        <method signature="TC002_LoginTest.verify_login_inValid_Credentials()[pri:2, instance:testCases.TC002_LoginTest@6a2b953e]" name="verify_login_inValid_Credentials" class="testCases.TC002_LoginTest"/>
        <method signature="TC002_LoginTest.verify_login_inValid_pwd()[pri:3, instance:testCases.TC002_LoginTest@6a2b953e]" name="verify_login_inValid_pwd" class="testCases.TC002_LoginTest"/>
        <method signature="TC002_LoginTest.verify_login_inValid_pwd_Email()[pri:4, instance:testCases.TC002_LoginTest@6a2b953e]" name="verify_login_inValid_pwd_Email" class="testCases.TC002_LoginTest"/>
        <method signature="TC002_LoginTest.verify_login_withoutEmail_pwd()[pri:5, instance:testCases.TC002_LoginTest@6a2b953e]" name="verify_login_withoutEmail_pwd" class="testCases.TC002_LoginTest"/>
        <method signature="TC002_LoginTest.verify_login_Forget_Password_Evaluation()[pri:6, instance:testCases.TC002_LoginTest@6a2b953e]" name="verify_login_Forget_Password_Evaluation" class="testCases.TC002_LoginTest"/>
        <method signature="TC002_LoginTest.verify_login_Login_navigate_To_Different_pages()[pri:7, instance:testCases.TC002_LoginTest@6a2b953e]" name="verify_login_Login_navigate_To_Different_pages" class="testCases.TC002_LoginTest"/>
        <method signature="TC002_LoginTest.verify_login_Login_navigate_To_Different_pages_windows()[pri:8, instance:testCases.TC002_LoginTest@6a2b953e]" name="verify_login_Login_navigate_To_Different_pages_windows" class="testCases.TC002_LoginTest"/>
        <method signature="TC002_LoginTest.verify_login_Regisert_Account_Text_validation()[pri:9, instance:testCases.TC002_LoginTest@6a2b953e]" name="verify_login_Regisert_Account_Text_validation" class="testCases.TC002_LoginTest"/>
        <method signature="TC002_LoginTest.verify_login_options_Available_on_LoginPage()[pri:10, instance:testCases.TC002_LoginTest@6a2b953e]" name="verify_login_options_Available_on_LoginPage" class="testCases.TC002_LoginTest"/>
      </group> <!-- Sanity -->
      <group name="Regression">
        <method signature="TC001_AccountRegistration.verify_account_registration()[pri:1, instance:testCases.TC001_AccountRegistration@6e509ffa]" name="verify_account_registration" class="testCases.TC001_AccountRegistration"/>
        <method signature="TC001_AccountRegistration.verify_account_registration_EmailConfirmation()[pri:2, instance:testCases.TC001_AccountRegistration@6e509ffa]" name="verify_account_registration_EmailConfirmation" class="testCases.TC001_AccountRegistration"/>
        <method signature="TC001_AccountRegistration.verify_account_registration_Newsletter_No_Validation()[pri:3, instance:testCases.TC001_AccountRegistration@6e509ffa]" name="verify_account_registration_Newsletter_No_Validation" class="testCases.TC001_AccountRegistration"/>
        <method signature="TC001_AccountRegistration.verify_account_registration_Newsletter_yes_Validation()[pri:4, instance:testCases.TC001_AccountRegistration@6e509ffa]" name="verify_account_registration_Newsletter_yes_Validation" class="testCases.TC001_AccountRegistration"/>
        <method signature="TC001_AccountRegistration.verify_account_registration_Different_password()[pri:5, instance:testCases.TC001_AccountRegistration@6e509ffa]" name="verify_account_registration_Different_password" class="testCases.TC001_AccountRegistration"/>
        <method signature="TC001_AccountRegistration.verify_account_registration_DontCheckPrivacyPolicy()[pri:6, instance:testCases.TC001_AccountRegistration@6e509ffa]" name="verify_account_registration_DontCheckPrivacyPolicy" class="testCases.TC001_AccountRegistration"/>
        <method signature="TC001_AccountRegistration.verify_account_registration_AlreadyExistEmail()[pri:7, instance:testCases.TC001_AccountRegistration@6e509ffa]" name="verify_account_registration_AlreadyExistEmail" class="testCases.TC001_AccountRegistration"/>
        <method signature="TC001_AccountRegistration.verify_account_registration_InvalidaEmail()[pri:8, instance:testCases.TC001_AccountRegistration@6e509ffa]" name="verify_account_registration_InvalidaEmail" class="testCases.TC001_AccountRegistration"/>
        <method signature="TC001_AccountRegistration.verify_account_registration_FirstNameMandatory()[pri:9, instance:testCases.TC001_AccountRegistration@6e509ffa]" name="verify_account_registration_FirstNameMandatory" class="testCases.TC001_AccountRegistration"/>
        <method signature="TC001_AccountRegistration.verify_account_registration_NoConfirmationPwd()[pri:10, instance:testCases.TC001_AccountRegistration@6e509ffa]" name="verify_account_registration_NoConfirmationPwd" class="testCases.TC001_AccountRegistration"/>
      </group> <!-- Regression -->
    </groups>
    <test started-at="2025-09-23T09:00:50 IST" name="Test" finished-at="2025-09-23T09:04:15 IST" duration-ms="205207">
      <class name="testCases.TC002_LoginTest">
        <test-method is-config="true" signature="beforeClass()[pri:0, instance:testCases.TC002_LoginTest@6a2b953e]" started-at="2025-09-23T09:03:01 IST" name="beforeClass" finished-at="2025-09-23T09:03:01 IST" duration-ms="2" status="PASS">
          <reporter-output>
          </reporter-output>
        </test-method> <!-- beforeClass -->
        <test-method is-config="true" signature="setup(java.lang.String,java.lang.String)[pri:0, instance:testCases.TC002_LoginTest@6a2b953e]" started-at="2025-09-23T09:03:01 IST" name="setup" finished-at="2025-09-23T09:03:06 IST" duration-ms="4970" status="PASS">
          <params>
            <param index="0">
              <value>
                <![CDATA[linux]]>
              </value>
            </param>
            <param index="1">
              <value>
                <![CDATA[chrome]]>
              </value>
            </param>
          </params>
          <reporter-output>
          </reporter-output>
        </test-method> <!-- setup -->
        <test-method signature="verify_login_Valid_Credentials()[pri:1, instance:testCases.TC002_LoginTest@6a2b953e]" started-at="2025-09-23T09:03:06 IST" name="verify_login_Valid_Credentials" finished-at="2025-09-23T09:03:10 IST" duration-ms="4846" status="PASS">
          <reporter-output>
          </reporter-output>
        </test-method> <!-- verify_login_Valid_Credentials -->
        <test-method is-config="true" signature="tearDown()[pri:0, instance:testCases.TC002_LoginTest@6a2b953e]" started-at="2025-09-23T09:03:10 IST" name="tearDown" finished-at="2025-09-23T09:03:10 IST" duration-ms="3" status="PASS">
          <reporter-output>
          </reporter-output>
        </test-method> <!-- tearDown -->
        <test-method is-config="true" signature="setup(java.lang.String,java.lang.String)[pri:0, instance:testCases.TC002_LoginTest@6a2b953e]" started-at="2025-09-23T09:03:10 IST" name="setup" finished-at="2025-09-23T09:03:15 IST" duration-ms="4428" status="PASS">
          <params>
            <param index="0">
              <value>
                <![CDATA[linux]]>
              </value>
            </param>
            <param index="1">
              <value>
                <![CDATA[chrome]]>
              </value>
            </param>
          </params>
          <reporter-output>
          </reporter-output>
        </test-method> <!-- setup -->
        <test-method signature="verify_login_inValid_Credentials()[pri:2, instance:testCases.TC002_LoginTest@6a2b953e]" started-at="2025-09-23T09:03:15 IST" name="verify_login_inValid_Credentials" finished-at="2025-09-23T09:03:21 IST" duration-ms="6086" status="PASS">
          <reporter-output>
          </reporter-output>
        </test-method> <!-- verify_login_inValid_Credentials -->
        <test-method is-config="true" signature="tearDown()[pri:0, instance:testCases.TC002_LoginTest@6a2b953e]" started-at="2025-09-23T09:03:21 IST" name="tearDown" finished-at="2025-09-23T09:03:21 IST" duration-ms="1" status="PASS">
          <reporter-output>
          </reporter-output>
        </test-method> <!-- tearDown -->
        <test-method is-config="true" signature="setup(java.lang.String,java.lang.String)[pri:0, instance:testCases.TC002_LoginTest@6a2b953e]" started-at="2025-09-23T09:03:21 IST" name="setup" finished-at="2025-09-23T09:03:25 IST" duration-ms="3716" status="PASS">
          <params>
            <param index="0">
              <value>
                <![CDATA[linux]]>
              </value>
            </param>
            <param index="1">
              <value>
                <![CDATA[chrome]]>
              </value>
            </param>
          </params>
          <reporter-output>
          </reporter-output>
        </test-method> <!-- setup -->
        <test-method signature="verify_login_inValid_pwd()[pri:3, instance:testCases.TC002_LoginTest@6a2b953e]" started-at="2025-09-23T09:03:25 IST" name="verify_login_inValid_pwd" finished-at="2025-09-23T09:03:30 IST" duration-ms="5591" status="PASS">
          <reporter-output>
          </reporter-output>
        </test-method> <!-- verify_login_inValid_pwd -->
        <test-method is-config="true" signature="tearDown()[pri:0, instance:testCases.TC002_LoginTest@6a2b953e]" started-at="2025-09-23T09:03:30 IST" name="tearDown" finished-at="2025-09-23T09:03:30 IST" duration-ms="0" status="PASS">
          <reporter-output>
          </reporter-output>
        </test-method> <!-- tearDown -->
        <test-method is-config="true" signature="setup(java.lang.String,java.lang.String)[pri:0, instance:testCases.TC002_LoginTest@6a2b953e]" started-at="2025-09-23T09:03:30 IST" name="setup" finished-at="2025-09-23T09:03:35 IST" duration-ms="4590" status="PASS">
          <params>
            <param index="0">
              <value>
                <![CDATA[linux]]>
              </value>
            </param>
            <param index="1">
              <value>
                <![CDATA[chrome]]>
              </value>
            </param>
          </params>
          <reporter-output>
          </reporter-output>
        </test-method> <!-- setup -->
        <test-method signature="verify_login_inValid_pwd_Email()[pri:4, instance:testCases.TC002_LoginTest@6a2b953e]" started-at="2025-09-23T09:03:35 IST" name="verify_login_inValid_pwd_Email" finished-at="2025-09-23T09:03:39 IST" duration-ms="4008" status="PASS">
          <reporter-output>
          </reporter-output>
        </test-method> <!-- verify_login_inValid_pwd_Email -->
        <test-method is-config="true" signature="tearDown()[pri:0, instance:testCases.TC002_LoginTest@6a2b953e]" started-at="2025-09-23T09:03:39 IST" name="tearDown" finished-at="2025-09-23T09:03:39 IST" duration-ms="1" status="PASS">
          <reporter-output>
          </reporter-output>
        </test-method> <!-- tearDown -->
        <test-method is-config="true" signature="setup(java.lang.String,java.lang.String)[pri:0, instance:testCases.TC002_LoginTest@6a2b953e]" started-at="2025-09-23T09:03:39 IST" name="setup" finished-at="2025-09-23T09:03:42 IST" duration-ms="3259" status="PASS">
          <params>
            <param index="0">
              <value>
                <![CDATA[linux]]>
              </value>
            </param>
            <param index="1">
              <value>
                <![CDATA[chrome]]>
              </value>
            </param>
          </params>
          <reporter-output>
          </reporter-output>
        </test-method> <!-- setup -->
        <test-method signature="verify_login_withoutEmail_pwd()[pri:5, instance:testCases.TC002_LoginTest@6a2b953e]" started-at="2025-09-23T09:03:42 IST" name="verify_login_withoutEmail_pwd" finished-at="2025-09-23T09:03:45 IST" duration-ms="2818" status="PASS">
          <reporter-output>
          </reporter-output>
        </test-method> <!-- verify_login_withoutEmail_pwd -->
        <test-method is-config="true" signature="tearDown()[pri:0, instance:testCases.TC002_LoginTest@6a2b953e]" started-at="2025-09-23T09:03:45 IST" name="tearDown" finished-at="2025-09-23T09:03:45 IST" duration-ms="1" status="PASS">
          <reporter-output>
          </reporter-output>
        </test-method> <!-- tearDown -->
        <test-method is-config="true" signature="setup(java.lang.String,java.lang.String)[pri:0, instance:testCases.TC002_LoginTest@6a2b953e]" started-at="2025-09-23T09:03:45 IST" name="setup" finished-at="2025-09-23T09:03:48 IST" duration-ms="3328" status="PASS">
          <params>
            <param index="0">
              <value>
                <![CDATA[linux]]>
              </value>
            </param>
            <param index="1">
              <value>
                <![CDATA[chrome]]>
              </value>
            </param>
          </params>
          <reporter-output>
          </reporter-output>
        </test-method> <!-- setup -->
        <test-method signature="verify_login_Forget_Password_Evaluation()[pri:6, instance:testCases.TC002_LoginTest@6a2b953e]" started-at="2025-09-23T09:03:48 IST" name="verify_login_Forget_Password_Evaluation" finished-at="2025-09-23T09:03:50 IST" duration-ms="2007" status="PASS">
          <reporter-output>
          </reporter-output>
        </test-method> <!-- verify_login_Forget_Password_Evaluation -->
        <test-method is-config="true" signature="tearDown()[pri:0, instance:testCases.TC002_LoginTest@6a2b953e]" started-at="2025-09-23T09:03:50 IST" name="tearDown" finished-at="2025-09-23T09:03:50 IST" duration-ms="1" status="PASS">
          <reporter-output>
          </reporter-output>
        </test-method> <!-- tearDown -->
        <test-method is-config="true" signature="setup(java.lang.String,java.lang.String)[pri:0, instance:testCases.TC002_LoginTest@6a2b953e]" started-at="2025-09-23T09:03:50 IST" name="setup" finished-at="2025-09-23T09:03:53 IST" duration-ms="3191" status="PASS">
          <params>
            <param index="0">
              <value>
                <![CDATA[linux]]>
              </value>
            </param>
            <param index="1">
              <value>
                <![CDATA[chrome]]>
              </value>
            </param>
          </params>
          <reporter-output>
          </reporter-output>
        </test-method> <!-- setup -->
        <test-method signature="verify_login_Login_navigate_To_Different_pages()[pri:7, instance:testCases.TC002_LoginTest@6a2b953e]" started-at="2025-09-23T09:03:53 IST" name="verify_login_Login_navigate_To_Different_pages" finished-at="2025-09-23T09:03:57 IST" duration-ms="3653" status="PASS">
          <reporter-output>
          </reporter-output>
        </test-method> <!-- verify_login_Login_navigate_To_Different_pages -->
        <test-method is-config="true" signature="tearDown()[pri:0, instance:testCases.TC002_LoginTest@6a2b953e]" started-at="2025-09-23T09:03:57 IST" name="tearDown" finished-at="2025-09-23T09:03:57 IST" duration-ms="0" status="PASS">
          <reporter-output>
          </reporter-output>
        </test-method> <!-- tearDown -->
        <test-method is-config="true" signature="setup(java.lang.String,java.lang.String)[pri:0, instance:testCases.TC002_LoginTest@6a2b953e]" started-at="2025-09-23T09:03:57 IST" name="setup" finished-at="2025-09-23T09:04:01 IST" duration-ms="3945" status="PASS">
          <params>
            <param index="0">
              <value>
                <![CDATA[linux]]>
              </value>
            </param>
            <param index="1">
              <value>
                <![CDATA[chrome]]>
              </value>
            </param>
          </params>
          <reporter-output>
          </reporter-output>
        </test-method> <!-- setup -->
        <test-method signature="verify_login_Login_navigate_To_Different_pages_windows()[pri:8, instance:testCases.TC002_LoginTest@6a2b953e]" started-at="2025-09-23T09:04:01 IST" name="verify_login_Login_navigate_To_Different_pages_windows" finished-at="2025-09-23T09:04:05 IST" duration-ms="4078" status="PASS">
          <reporter-output>
          </reporter-output>
        </test-method> <!-- verify_login_Login_navigate_To_Different_pages_windows -->
        <test-method is-config="true" signature="tearDown()[pri:0, instance:testCases.TC002_LoginTest@6a2b953e]" started-at="2025-09-23T09:04:05 IST" name="tearDown" finished-at="2025-09-23T09:04:05 IST" duration-ms="0" status="PASS">
          <reporter-output>
          </reporter-output>
        </test-method> <!-- tearDown -->
        <test-method is-config="true" signature="setup(java.lang.String,java.lang.String)[pri:0, instance:testCases.TC002_LoginTest@6a2b953e]" started-at="2025-09-23T09:04:05 IST" name="setup" finished-at="2025-09-23T09:04:08 IST" duration-ms="3081" status="PASS">
          <params>
            <param index="0">
              <value>
                <![CDATA[linux]]>
              </value>
            </param>
            <param index="1">
              <value>
                <![CDATA[chrome]]>
              </value>
            </param>
          </params>
          <reporter-output>
          </reporter-output>
        </test-method> <!-- setup -->
        <test-method signature="verify_login_Regisert_Account_Text_validation()[pri:9, instance:testCases.TC002_LoginTest@6a2b953e]" started-at="2025-09-23T09:04:08 IST" name="verify_login_Regisert_Account_Text_validation" finished-at="2025-09-23T09:04:10 IST" duration-ms="1759" status="PASS">
          <reporter-output>
          </reporter-output>
        </test-method> <!-- verify_login_Regisert_Account_Text_validation -->
        <test-method is-config="true" signature="tearDown()[pri:0, instance:testCases.TC002_LoginTest@6a2b953e]" started-at="2025-09-23T09:04:10 IST" name="tearDown" finished-at="2025-09-23T09:04:10 IST" duration-ms="0" status="PASS">
          <reporter-output>
          </reporter-output>
        </test-method> <!-- tearDown -->
        <test-method is-config="true" signature="setup(java.lang.String,java.lang.String)[pri:0, instance:testCases.TC002_LoginTest@6a2b953e]" started-at="2025-09-23T09:04:10 IST" name="setup" finished-at="2025-09-23T09:04:13 IST" duration-ms="2934" status="PASS">
          <params>
            <param index="0">
              <value>
                <![CDATA[linux]]>
              </value>
            </param>
            <param index="1">
              <value>
                <![CDATA[chrome]]>
              </value>
            </param>
          </params>
          <reporter-output>
          </reporter-output>
        </test-method> <!-- setup -->
        <test-method signature="verify_login_options_Available_on_LoginPage()[pri:10, instance:testCases.TC002_LoginTest@6a2b953e]" started-at="2025-09-23T09:04:13 IST" name="verify_login_options_Available_on_LoginPage" finished-at="2025-09-23T09:04:15 IST" duration-ms="2239" status="PASS">
          <reporter-output>
          </reporter-output>
        </test-method> <!-- verify_login_options_Available_on_LoginPage -->
        <test-method is-config="true" signature="tearDown()[pri:0, instance:testCases.TC002_LoginTest@6a2b953e]" started-at="2025-09-23T09:04:15 IST" name="tearDown" finished-at="2025-09-23T09:04:15 IST" duration-ms="0" status="PASS">
          <reporter-output>
          </reporter-output>
        </test-method> <!-- tearDown -->
        <test-method is-config="true" signature="afterClass()[pri:0, instance:testCases.TC002_LoginTest@6a2b953e]" started-at="2025-09-23T09:04:15 IST" name="afterClass" finished-at="2025-09-23T09:04:15 IST" duration-ms="0" status="PASS">
          <reporter-output>
          </reporter-output>
        </test-method> <!-- afterClass -->
      </class> <!-- testCases.TC002_LoginTest -->
      <class name="testCases.TC001_AccountRegistration">
        <test-method is-config="true" signature="beforeSuite()[pri:0, instance:testCases.TC001_AccountRegistration@6e509ffa]" started-at="2025-09-23T09:00:50 IST" name="beforeSuite" finished-at="2025-09-23T09:00:50 IST" duration-ms="67" status="PASS">
          <reporter-output>
          </reporter-output>
        </test-method> <!-- beforeSuite -->
        <test-method is-config="true" signature="beforeTest()[pri:0, instance:testCases.TC001_AccountRegistration@6e509ffa]" started-at="2025-09-23T09:00:51 IST" name="beforeTest" finished-at="2025-09-23T09:00:51 IST" duration-ms="2" status="PASS">
          <reporter-output>
          </reporter-output>
        </test-method> <!-- beforeTest -->
        <test-method is-config="true" signature="beforeClass()[pri:0, instance:testCases.TC001_AccountRegistration@6e509ffa]" started-at="2025-09-23T09:00:51 IST" name="beforeClass" finished-at="2025-09-23T09:00:51 IST" duration-ms="2" status="PASS">
          <reporter-output>
          </reporter-output>
        </test-method> <!-- beforeClass -->
        <test-method is-config="true" signature="setup(java.lang.String,java.lang.String)[pri:0, instance:testCases.TC001_AccountRegistration@6e509ffa]" started-at="2025-09-23T09:00:51 IST" name="setup" finished-at="2025-09-23T09:01:10 IST" duration-ms="19182" status="PASS">
          <params>
            <param index="0">
              <value>
                <![CDATA[linux]]>
              </value>
            </param>
            <param index="1">
              <value>
                <![CDATA[chrome]]>
              </value>
            </param>
          </params>
          <reporter-output>
          </reporter-output>
        </test-method> <!-- setup -->
        <test-method signature="verify_account_registration()[pri:1, instance:testCases.TC001_AccountRegistration@6e509ffa]" started-at="2025-09-23T09:01:10 IST" name="verify_account_registration" finished-at="2025-09-23T09:01:16 IST" duration-ms="6113" status="PASS">
          <reporter-output>
          </reporter-output>
        </test-method> <!-- verify_account_registration -->
        <test-method is-config="true" signature="tearDown()[pri:0, instance:testCases.TC001_AccountRegistration@6e509ffa]" started-at="2025-09-23T09:01:16 IST" name="tearDown" finished-at="2025-09-23T09:01:16 IST" duration-ms="2" status="PASS">
          <reporter-output>
          </reporter-output>
        </test-method> <!-- tearDown -->
        <test-method is-config="true" signature="setup(java.lang.String,java.lang.String)[pri:0, instance:testCases.TC001_AccountRegistration@6e509ffa]" started-at="2025-09-23T09:01:16 IST" name="setup" finished-at="2025-09-23T09:01:21 IST" duration-ms="4060" status="PASS">
          <params>
            <param index="0">
              <value>
                <![CDATA[linux]]>
              </value>
            </param>
            <param index="1">
              <value>
                <![CDATA[chrome]]>
              </value>
            </param>
          </params>
          <reporter-output>
          </reporter-output>
        </test-method> <!-- setup -->
        <test-method signature="verify_account_registration_EmailConfirmation()[pri:2, instance:testCases.TC001_AccountRegistration@6e509ffa]" started-at="2025-09-23T09:01:21 IST" name="verify_account_registration_EmailConfirmation" finished-at="2025-09-23T09:01:27 IST" duration-ms="6480" status="PASS">
          <reporter-output>
          </reporter-output>
        </test-method> <!-- verify_account_registration_EmailConfirmation -->
        <test-method is-config="true" signature="tearDown()[pri:0, instance:testCases.TC001_AccountRegistration@6e509ffa]" started-at="2025-09-23T09:01:27 IST" name="tearDown" finished-at="2025-09-23T09:01:27 IST" duration-ms="2" status="PASS">
          <reporter-output>
          </reporter-output>
        </test-method> <!-- tearDown -->
        <test-method is-config="true" signature="setup(java.lang.String,java.lang.String)[pri:0, instance:testCases.TC001_AccountRegistration@6e509ffa]" started-at="2025-09-23T09:01:27 IST" name="setup" finished-at="2025-09-23T09:01:34 IST" duration-ms="6529" status="PASS">
          <params>
            <param index="0">
              <value>
                <![CDATA[linux]]>
              </value>
            </param>
            <param index="1">
              <value>
                <![CDATA[chrome]]>
              </value>
            </param>
          </params>
          <reporter-output>
          </reporter-output>
        </test-method> <!-- setup -->
        <test-method signature="verify_account_registration_Newsletter_No_Validation()[pri:3, instance:testCases.TC001_AccountRegistration@6e509ffa]" started-at="2025-09-23T09:01:34 IST" name="verify_account_registration_Newsletter_No_Validation" finished-at="2025-09-23T09:01:39 IST" duration-ms="5117" status="PASS">
          <reporter-output>
          </reporter-output>
        </test-method> <!-- verify_account_registration_Newsletter_No_Validation -->
        <test-method is-config="true" signature="tearDown()[pri:0, instance:testCases.TC001_AccountRegistration@6e509ffa]" started-at="2025-09-23T09:01:39 IST" name="tearDown" finished-at="2025-09-23T09:01:39 IST" duration-ms="1" status="PASS">
          <reporter-output>
          </reporter-output>
        </test-method> <!-- tearDown -->
        <test-method is-config="true" signature="setup(java.lang.String,java.lang.String)[pri:0, instance:testCases.TC001_AccountRegistration@6e509ffa]" started-at="2025-09-23T09:01:39 IST" name="setup" finished-at="2025-09-23T09:01:42 IST" duration-ms="3591" status="PASS">
          <params>
            <param index="0">
              <value>
                <![CDATA[linux]]>
              </value>
            </param>
            <param index="1">
              <value>
                <![CDATA[chrome]]>
              </value>
            </param>
          </params>
          <reporter-output>
          </reporter-output>
        </test-method> <!-- setup -->
        <test-method signature="verify_account_registration_Newsletter_yes_Validation()[pri:4, instance:testCases.TC001_AccountRegistration@6e509ffa]" started-at="2025-09-23T09:01:42 IST" name="verify_account_registration_Newsletter_yes_Validation" finished-at="2025-09-23T09:01:53 IST" duration-ms="11103" status="PASS">
          <reporter-output>
          </reporter-output>
        </test-method> <!-- verify_account_registration_Newsletter_yes_Validation -->
        <test-method is-config="true" signature="tearDown()[pri:0, instance:testCases.TC001_AccountRegistration@6e509ffa]" started-at="2025-09-23T09:01:53 IST" name="tearDown" finished-at="2025-09-23T09:01:53 IST" duration-ms="0" status="PASS">
          <reporter-output>
          </reporter-output>
        </test-method> <!-- tearDown -->
        <test-method is-config="true" signature="setup(java.lang.String,java.lang.String)[pri:0, instance:testCases.TC001_AccountRegistration@6e509ffa]" started-at="2025-09-23T09:01:53 IST" name="setup" finished-at="2025-09-23T09:01:57 IST" duration-ms="3120" status="PASS">
          <params>
            <param index="0">
              <value>
                <![CDATA[linux]]>
              </value>
            </param>
            <param index="1">
              <value>
                <![CDATA[chrome]]>
              </value>
            </param>
          </params>
          <reporter-output>
          </reporter-output>
        </test-method> <!-- setup -->
        <test-method signature="verify_account_registration_Different_password()[pri:5, instance:testCases.TC001_AccountRegistration@6e509ffa]" started-at="2025-09-23T09:01:57 IST" name="verify_account_registration_Different_password" finished-at="2025-09-23T09:02:03 IST" duration-ms="6059" status="PASS">
          <reporter-output>
          </reporter-output>
        </test-method> <!-- verify_account_registration_Different_password -->
        <test-method is-config="true" signature="tearDown()[pri:0, instance:testCases.TC001_AccountRegistration@6e509ffa]" started-at="2025-09-23T09:02:03 IST" name="tearDown" finished-at="2025-09-23T09:02:03 IST" duration-ms="2" status="PASS">
          <reporter-output>
          </reporter-output>
        </test-method> <!-- tearDown -->
        <test-method is-config="true" signature="setup(java.lang.String,java.lang.String)[pri:0, instance:testCases.TC001_AccountRegistration@6e509ffa]" started-at="2025-09-23T09:02:03 IST" name="setup" finished-at="2025-09-23T09:02:07 IST" duration-ms="4049" status="PASS">
          <params>
            <param index="0">
              <value>
                <![CDATA[linux]]>
              </value>
            </param>
            <param index="1">
              <value>
                <![CDATA[chrome]]>
              </value>
            </param>
          </params>
          <reporter-output>
          </reporter-output>
        </test-method> <!-- setup -->
        <test-method signature="verify_account_registration_DontCheckPrivacyPolicy()[pri:6, instance:testCases.TC001_AccountRegistration@6e509ffa]" started-at="2025-09-23T09:02:07 IST" name="verify_account_registration_DontCheckPrivacyPolicy" finished-at="2025-09-23T09:02:15 IST" duration-ms="8618" status="PASS">
          <reporter-output>
          </reporter-output>
        </test-method> <!-- verify_account_registration_DontCheckPrivacyPolicy -->
        <test-method is-config="true" signature="tearDown()[pri:0, instance:testCases.TC001_AccountRegistration@6e509ffa]" started-at="2025-09-23T09:02:15 IST" name="tearDown" finished-at="2025-09-23T09:02:15 IST" duration-ms="0" status="PASS">
          <reporter-output>
          </reporter-output>
        </test-method> <!-- tearDown -->
        <test-method is-config="true" signature="setup(java.lang.String,java.lang.String)[pri:0, instance:testCases.TC001_AccountRegistration@6e509ffa]" started-at="2025-09-23T09:02:15 IST" name="setup" finished-at="2025-09-23T09:02:20 IST" duration-ms="5044" status="PASS">
          <params>
            <param index="0">
              <value>
                <![CDATA[linux]]>
              </value>
            </param>
            <param index="1">
              <value>
                <![CDATA[chrome]]>
              </value>
            </param>
          </params>
          <reporter-output>
          </reporter-output>
        </test-method> <!-- setup -->
        <test-method signature="verify_account_registration_AlreadyExistEmail()[pri:7, instance:testCases.TC001_AccountRegistration@6e509ffa]" started-at="2025-09-23T09:02:20 IST" name="verify_account_registration_AlreadyExistEmail" finished-at="2025-09-23T09:02:27 IST" duration-ms="6675" status="PASS">
          <reporter-output>
          </reporter-output>
        </test-method> <!-- verify_account_registration_AlreadyExistEmail -->
        <test-method is-config="true" signature="tearDown()[pri:0, instance:testCases.TC001_AccountRegistration@6e509ffa]" started-at="2025-09-23T09:02:27 IST" name="tearDown" finished-at="2025-09-23T09:02:27 IST" duration-ms="0" status="PASS">
          <reporter-output>
          </reporter-output>
        </test-method> <!-- tearDown -->
        <test-method is-config="true" signature="setup(java.lang.String,java.lang.String)[pri:0, instance:testCases.TC001_AccountRegistration@6e509ffa]" started-at="2025-09-23T09:02:27 IST" name="setup" finished-at="2025-09-23T09:02:31 IST" duration-ms="3598" status="PASS">
          <params>
            <param index="0">
              <value>
                <![CDATA[linux]]>
              </value>
            </param>
            <param index="1">
              <value>
                <![CDATA[chrome]]>
              </value>
            </param>
          </params>
          <reporter-output>
          </reporter-output>
        </test-method> <!-- setup -->
        <test-method signature="verify_account_registration_InvalidaEmail()[pri:8, instance:testCases.TC001_AccountRegistration@6e509ffa]" started-at="2025-09-23T09:02:31 IST" name="verify_account_registration_InvalidaEmail" finished-at="2025-09-23T09:02:37 IST" duration-ms="6091" status="PASS">
          <reporter-output>
          </reporter-output>
        </test-method> <!-- verify_account_registration_InvalidaEmail -->
        <test-method is-config="true" signature="tearDown()[pri:0, instance:testCases.TC001_AccountRegistration@6e509ffa]" started-at="2025-09-23T09:02:37 IST" name="tearDown" finished-at="2025-09-23T09:02:37 IST" duration-ms="0" status="PASS">
          <reporter-output>
          </reporter-output>
        </test-method> <!-- tearDown -->
        <test-method is-config="true" signature="setup(java.lang.String,java.lang.String)[pri:0, instance:testCases.TC001_AccountRegistration@6e509ffa]" started-at="2025-09-23T09:02:37 IST" name="setup" finished-at="2025-09-23T09:02:40 IST" duration-ms="3668" status="PASS">
          <params>
            <param index="0">
              <value>
                <![CDATA[linux]]>
              </value>
            </param>
            <param index="1">
              <value>
                <![CDATA[chrome]]>
              </value>
            </param>
          </params>
          <reporter-output>
          </reporter-output>
        </test-method> <!-- setup -->
        <test-method signature="verify_account_registration_FirstNameMandatory()[pri:9, instance:testCases.TC001_AccountRegistration@6e509ffa]" started-at="2025-09-23T09:02:40 IST" name="verify_account_registration_FirstNameMandatory" finished-at="2025-09-23T09:02:48 IST" duration-ms="7393" status="PASS">
          <reporter-output>
          </reporter-output>
        </test-method> <!-- verify_account_registration_FirstNameMandatory -->
        <test-method is-config="true" signature="tearDown()[pri:0, instance:testCases.TC001_AccountRegistration@6e509ffa]" started-at="2025-09-23T09:02:48 IST" name="tearDown" finished-at="2025-09-23T09:02:48 IST" duration-ms="0" status="PASS">
          <reporter-output>
          </reporter-output>
        </test-method> <!-- tearDown -->
        <test-method is-config="true" signature="setup(java.lang.String,java.lang.String)[pri:0, instance:testCases.TC001_AccountRegistration@6e509ffa]" started-at="2025-09-23T09:02:48 IST" name="setup" finished-at="2025-09-23T09:02:52 IST" duration-ms="4712" status="PASS">
          <params>
            <param index="0">
              <value>
                <![CDATA[linux]]>
              </value>
            </param>
            <param index="1">
              <value>
                <![CDATA[chrome]]>
              </value>
            </param>
          </params>
          <reporter-output>
          </reporter-output>
        </test-method> <!-- setup -->
        <test-method signature="verify_account_registration_NoConfirmationPwd()[pri:10, instance:testCases.TC001_AccountRegistration@6e509ffa]" started-at="2025-09-23T09:02:52 IST" name="verify_account_registration_NoConfirmationPwd" finished-at="2025-09-23T09:03:01 IST" duration-ms="8137" status="PASS">
          <reporter-output>
          </reporter-output>
        </test-method> <!-- verify_account_registration_NoConfirmationPwd -->
        <test-method is-config="true" signature="tearDown()[pri:0, instance:testCases.TC001_AccountRegistration@6e509ffa]" started-at="2025-09-23T09:03:01 IST" name="tearDown" finished-at="2025-09-23T09:03:01 IST" duration-ms="0" status="PASS">
          <reporter-output>
          </reporter-output>
        </test-method> <!-- tearDown -->
        <test-method is-config="true" signature="afterClass()[pri:0, instance:testCases.TC001_AccountRegistration@6e509ffa]" started-at="2025-09-23T09:03:01 IST" name="afterClass" finished-at="2025-09-23T09:03:01 IST" duration-ms="1" status="PASS">
          <reporter-output>
          </reporter-output>
        </test-method> <!-- afterClass -->
        <test-method is-config="true" signature="afterTest()[pri:0, instance:testCases.TC001_AccountRegistration@6e509ffa]" started-at="2025-09-23T09:04:15 IST" name="afterTest" finished-at="2025-09-23T09:04:15 IST" duration-ms="1" status="PASS">
          <reporter-output>
          </reporter-output>
        </test-method> <!-- afterTest -->
        <test-method is-config="true" signature="afterSuite()[pri:0, instance:testCases.TC001_AccountRegistration@6e509ffa]" started-at="2025-09-23T09:04:18 IST" name="afterSuite" finished-at="2025-09-23T09:04:18 IST" duration-ms="0" status="PASS">
          <reporter-output>
          </reporter-output>
        </test-method> <!-- afterSuite -->
      </class> <!-- testCases.TC001_AccountRegistration -->
    </test> <!-- Test -->
  </suite> <!-- Suite -->
</testng-results>
