<?xml version="1.0" encoding="UTF-8"?>
<testng-results ignored="0" total="7" passed="7" failed="0" skipped="0">
  <reporter-output>
  </reporter-output>
  <suite started-at="2025-08-09T02:18:13 IST" name="Suite" finished-at="2025-08-09T02:19:56 IST" duration-ms="103109">
    <groups>
      <group name="Master">
        <method signature="TC002_LoginTest.verify_login()[pri:0, instance:testCases.TC002_LoginTest@6986bbaf]" name="verify_login" class="testCases.TC002_LoginTest"/>
        <method signature="TC001_AccountRegistration.verify_account_registration_DontCheckPrivacyPolicy()[pri:1, instance:testCases.TC001_AccountRegistration@126945f9]" name="verify_account_registration_DontCheckPrivacyPolicy" class="testCases.TC001_AccountRegistration"/>
        <method signature="TC001_AccountRegistration.verify_account_registration()[pri:2, instance:testCases.TC001_AccountRegistration@126945f9]" name="verify_account_registration" class="testCases.TC001_AccountRegistration"/>
        <method signature="TC001_AccountRegistration.verify_account_registration_EmailConfirmation()[pri:2, instance:testCases.TC001_AccountRegistration@126945f9]" name="verify_account_registration_EmailConfirmation" class="testCases.TC001_AccountRegistration"/>
        <method signature="TC001_AccountRegistration.verify_account_registration_Newsletter_No_Validation()[pri:3, instance:testCases.TC001_AccountRegistration@126945f9]" name="verify_account_registration_Newsletter_No_Validation" class="testCases.TC001_AccountRegistration"/>
        <method signature="TC001_AccountRegistration.verify_account_registration_Newsletter_yes_Validation()[pri:4, instance:testCases.TC001_AccountRegistration@126945f9]" name="verify_account_registration_Newsletter_yes_Validation" class="testCases.TC001_AccountRegistration"/>
        <method signature="TC001_AccountRegistration.verify_account_registration_Different_password()[pri:5, instance:testCases.TC001_AccountRegistration@126945f9]" name="verify_account_registration_Different_password" class="testCases.TC001_AccountRegistration"/>
      </group> <!-- Master -->
      <group name="Sanity">
        <method signature="TC002_LoginTest.verify_login()[pri:0, instance:testCases.TC002_LoginTest@6986bbaf]" name="verify_login" class="testCases.TC002_LoginTest"/>
      </group> <!-- Sanity -->
      <group name="Regression">
        <method signature="TC001_AccountRegistration.verify_account_registration_DontCheckPrivacyPolicy()[pri:1, instance:testCases.TC001_AccountRegistration@126945f9]" name="verify_account_registration_DontCheckPrivacyPolicy" class="testCases.TC001_AccountRegistration"/>
        <method signature="TC001_AccountRegistration.verify_account_registration()[pri:2, instance:testCases.TC001_AccountRegistration@126945f9]" name="verify_account_registration" class="testCases.TC001_AccountRegistration"/>
        <method signature="TC001_AccountRegistration.verify_account_registration_EmailConfirmation()[pri:2, instance:testCases.TC001_AccountRegistration@126945f9]" name="verify_account_registration_EmailConfirmation" class="testCases.TC001_AccountRegistration"/>
        <method signature="TC001_AccountRegistration.verify_account_registration_Newsletter_No_Validation()[pri:3, instance:testCases.TC001_AccountRegistration@126945f9]" name="verify_account_registration_Newsletter_No_Validation" class="testCases.TC001_AccountRegistration"/>
        <method signature="TC001_AccountRegistration.verify_account_registration_Newsletter_yes_Validation()[pri:4, instance:testCases.TC001_AccountRegistration@126945f9]" name="verify_account_registration_Newsletter_yes_Validation" class="testCases.TC001_AccountRegistration"/>
        <method signature="TC001_AccountRegistration.verify_account_registration_Different_password()[pri:5, instance:testCases.TC001_AccountRegistration@126945f9]" name="verify_account_registration_Different_password" class="testCases.TC001_AccountRegistration"/>
      </group> <!-- Regression -->
    </groups>
    <test started-at="2025-08-09T02:18:13 IST" name="test" finished-at="2025-08-09T02:19:56 IST" duration-ms="103109">
      <class name="testCases.TC002_LoginTest">
        <test-method is-config="true" signature="setup(java.lang.String,java.lang.String)[pri:0, instance:testCases.TC002_LoginTest@6986bbaf]" started-at="2025-08-09T02:19:47 IST" name="setup" finished-at="2025-08-09T02:19:53 IST" duration-ms="5929" status="PASS">
          <params>
            <param index="0">
              <value>
                <![CDATA[chrome]]>
              </value>
            </param>
            <param index="1">
              <value>
                <![CDATA[chrome]]>
              </value>
            </param>
          </params>
          <reporter-output>
          </reporter-output>
        </test-method> <!-- setup -->
        <test-method is-config="true" signature="beforeClass()[pri:0, instance:testCases.TC002_LoginTest@6986bbaf]" started-at="2025-08-09T02:19:47 IST" name="beforeClass" finished-at="2025-08-09T02:19:47 IST" duration-ms="0" status="PASS">
          <reporter-output>
          </reporter-output>
        </test-method> <!-- beforeClass -->
        <test-method signature="verify_login()[pri:0, instance:testCases.TC002_LoginTest@6986bbaf]" started-at="2025-08-09T02:19:53 IST" name="verify_login" finished-at="2025-08-09T02:19:56 IST" duration-ms="2334" status="PASS">
          <reporter-output>
          </reporter-output>
        </test-method> <!-- verify_login -->
        <test-method is-config="true" signature="tearDown()[pri:0, instance:testCases.TC002_LoginTest@6986bbaf]" started-at="2025-08-09T02:19:56 IST" name="tearDown" finished-at="2025-08-09T02:19:56 IST" duration-ms="384" status="PASS">
          <reporter-output>
          </reporter-output>
        </test-method> <!-- tearDown -->
        <test-method is-config="true" signature="afterClass()[pri:0, instance:testCases.TC002_LoginTest@6986bbaf]" started-at="2025-08-09T02:19:56 IST" name="afterClass" finished-at="2025-08-09T02:19:56 IST" duration-ms="2" status="PASS">
          <reporter-output>
          </reporter-output>
        </test-method> <!-- afterClass -->
      </class> <!-- testCases.TC002_LoginTest -->
      <class name="testCases.TC001_AccountRegistration">
        <test-method is-config="true" signature="beforeSuite()[pri:0, instance:testCases.TC001_AccountRegistration@126945f9]" started-at="2025-08-09T02:18:13 IST" name="beforeSuite" finished-at="2025-08-09T02:18:13 IST" duration-ms="23" status="PASS">
          <reporter-output>
          </reporter-output>
        </test-method> <!-- beforeSuite -->
        <test-method is-config="true" signature="beforeTest()[pri:0, instance:testCases.TC001_AccountRegistration@126945f9]" started-at="2025-08-09T02:18:13 IST" name="beforeTest" finished-at="2025-08-09T02:18:13 IST" duration-ms="1" status="PASS">
          <reporter-output>
          </reporter-output>
        </test-method> <!-- beforeTest -->
        <test-method is-config="true" signature="beforeClass()[pri:0, instance:testCases.TC001_AccountRegistration@126945f9]" started-at="2025-08-09T02:18:13 IST" name="beforeClass" finished-at="2025-08-09T02:18:13 IST" duration-ms="1" status="PASS">
          <reporter-output>
          </reporter-output>
        </test-method> <!-- beforeClass -->
        <test-method is-config="true" signature="setup(java.lang.String,java.lang.String)[pri:0, instance:testCases.TC001_AccountRegistration@126945f9]" started-at="2025-08-09T02:18:13 IST" name="setup" finished-at="2025-08-09T02:18:45 IST" duration-ms="32018" status="PASS">
          <params>
            <param index="0">
              <value>
                <![CDATA[chrome]]>
              </value>
            </param>
            <param index="1">
              <value>
                <![CDATA[chrome]]>
              </value>
            </param>
          </params>
          <reporter-output>
          </reporter-output>
        </test-method> <!-- setup -->
        <test-method signature="verify_account_registration_DontCheckPrivacyPolicy()[pri:1, instance:testCases.TC001_AccountRegistration@126945f9]" started-at="2025-08-09T02:18:45 IST" name="verify_account_registration_DontCheckPrivacyPolicy" finished-at="2025-08-09T02:18:51 IST" duration-ms="5119" status="PASS">
          <reporter-output>
          </reporter-output>
        </test-method> <!-- verify_account_registration_DontCheckPrivacyPolicy -->
        <test-method is-config="true" signature="tearDown()[pri:0, instance:testCases.TC001_AccountRegistration@126945f9]" started-at="2025-08-09T02:18:51 IST" name="tearDown" finished-at="2025-08-09T02:18:51 IST" duration-ms="500" status="PASS">
          <reporter-output>
          </reporter-output>
        </test-method> <!-- tearDown -->
        <test-method is-config="true" signature="setup(java.lang.String,java.lang.String)[pri:0, instance:testCases.TC001_AccountRegistration@126945f9]" started-at="2025-08-09T02:18:51 IST" name="setup" finished-at="2025-08-09T02:18:55 IST" duration-ms="3748" status="PASS">
          <params>
            <param index="0">
              <value>
                <![CDATA[chrome]]>
              </value>
            </param>
            <param index="1">
              <value>
                <![CDATA[chrome]]>
              </value>
            </param>
          </params>
          <reporter-output>
          </reporter-output>
        </test-method> <!-- setup -->
        <test-method signature="verify_account_registration()[pri:2, instance:testCases.TC001_AccountRegistration@126945f9]" started-at="2025-08-09T02:18:55 IST" name="verify_account_registration" finished-at="2025-08-09T02:18:58 IST" duration-ms="3540" status="PASS">
          <reporter-output>
          </reporter-output>
        </test-method> <!-- verify_account_registration -->
        <test-method is-config="true" signature="tearDown()[pri:0, instance:testCases.TC001_AccountRegistration@126945f9]" started-at="2025-08-09T02:18:58 IST" name="tearDown" finished-at="2025-08-09T02:18:59 IST" duration-ms="415" status="PASS">
          <reporter-output>
          </reporter-output>
        </test-method> <!-- tearDown -->
        <test-method is-config="true" signature="setup(java.lang.String,java.lang.String)[pri:0, instance:testCases.TC001_AccountRegistration@126945f9]" started-at="2025-08-09T02:18:59 IST" name="setup" finished-at="2025-08-09T02:19:02 IST" duration-ms="3244" status="PASS">
          <params>
            <param index="0">
              <value>
                <![CDATA[chrome]]>
              </value>
            </param>
            <param index="1">
              <value>
                <![CDATA[chrome]]>
              </value>
            </param>
          </params>
          <reporter-output>
          </reporter-output>
        </test-method> <!-- setup -->
        <test-method signature="verify_account_registration_EmailConfirmation()[pri:2, instance:testCases.TC001_AccountRegistration@126945f9]" started-at="2025-08-09T02:19:02 IST" name="verify_account_registration_EmailConfirmation" finished-at="2025-08-09T02:19:06 IST" duration-ms="4135" status="PASS">
          <reporter-output>
          </reporter-output>
        </test-method> <!-- verify_account_registration_EmailConfirmation -->
        <test-method is-config="true" signature="tearDown()[pri:0, instance:testCases.TC001_AccountRegistration@126945f9]" started-at="2025-08-09T02:19:06 IST" name="tearDown" finished-at="2025-08-09T02:19:07 IST" duration-ms="445" status="PASS">
          <reporter-output>
          </reporter-output>
        </test-method> <!-- tearDown -->
        <test-method is-config="true" signature="setup(java.lang.String,java.lang.String)[pri:0, instance:testCases.TC001_AccountRegistration@126945f9]" started-at="2025-08-09T02:19:07 IST" name="setup" finished-at="2025-08-09T02:19:12 IST" duration-ms="5564" status="PASS">
          <params>
            <param index="0">
              <value>
                <![CDATA[chrome]]>
              </value>
            </param>
            <param index="1">
              <value>
                <![CDATA[chrome]]>
              </value>
            </param>
          </params>
          <reporter-output>
          </reporter-output>
        </test-method> <!-- setup -->
        <test-method signature="verify_account_registration_Newsletter_No_Validation()[pri:3, instance:testCases.TC001_AccountRegistration@126945f9]" started-at="2025-08-09T02:19:12 IST" name="verify_account_registration_Newsletter_No_Validation" finished-at="2025-08-09T02:19:16 IST" duration-ms="4074" status="PASS">
          <reporter-output>
          </reporter-output>
        </test-method> <!-- verify_account_registration_Newsletter_No_Validation -->
        <test-method is-config="true" signature="tearDown()[pri:0, instance:testCases.TC001_AccountRegistration@126945f9]" started-at="2025-08-09T02:19:16 IST" name="tearDown" finished-at="2025-08-09T02:19:17 IST" duration-ms="445" status="PASS">
          <reporter-output>
          </reporter-output>
        </test-method> <!-- tearDown -->
        <test-method is-config="true" signature="setup(java.lang.String,java.lang.String)[pri:0, instance:testCases.TC001_AccountRegistration@126945f9]" started-at="2025-08-09T02:19:17 IST" name="setup" finished-at="2025-08-09T02:19:34 IST" duration-ms="17286" status="PASS">
          <params>
            <param index="0">
              <value>
                <![CDATA[chrome]]>
              </value>
            </param>
            <param index="1">
              <value>
                <![CDATA[chrome]]>
              </value>
            </param>
          </params>
          <reporter-output>
          </reporter-output>
        </test-method> <!-- setup -->
        <test-method signature="verify_account_registration_Newsletter_yes_Validation()[pri:4, instance:testCases.TC001_AccountRegistration@126945f9]" started-at="2025-08-09T02:19:34 IST" name="verify_account_registration_Newsletter_yes_Validation" finished-at="2025-08-09T02:19:39 IST" duration-ms="4937" status="PASS">
          <reporter-output>
          </reporter-output>
        </test-method> <!-- verify_account_registration_Newsletter_yes_Validation -->
        <test-method is-config="true" signature="tearDown()[pri:0, instance:testCases.TC001_AccountRegistration@126945f9]" started-at="2025-08-09T02:19:39 IST" name="tearDown" finished-at="2025-08-09T02:19:39 IST" duration-ms="413" status="PASS">
          <reporter-output>
          </reporter-output>
        </test-method> <!-- tearDown -->
        <test-method is-config="true" signature="setup(java.lang.String,java.lang.String)[pri:0, instance:testCases.TC001_AccountRegistration@126945f9]" started-at="2025-08-09T02:19:39 IST" name="setup" finished-at="2025-08-09T02:19:43 IST" duration-ms="4136" status="PASS">
          <params>
            <param index="0">
              <value>
                <![CDATA[chrome]]>
              </value>
            </param>
            <param index="1">
              <value>
                <![CDATA[chrome]]>
              </value>
            </param>
          </params>
          <reporter-output>
          </reporter-output>
        </test-method> <!-- setup -->
        <test-method signature="verify_account_registration_Different_password()[pri:5, instance:testCases.TC001_AccountRegistration@126945f9]" started-at="2025-08-09T02:19:43 IST" name="verify_account_registration_Different_password" finished-at="2025-08-09T02:19:47 IST" duration-ms="3516" status="PASS">
          <reporter-output>
          </reporter-output>
        </test-method> <!-- verify_account_registration_Different_password -->
        <test-method is-config="true" signature="tearDown()[pri:0, instance:testCases.TC001_AccountRegistration@126945f9]" started-at="2025-08-09T02:19:47 IST" name="tearDown" finished-at="2025-08-09T02:19:47 IST" duration-ms="438" status="PASS">
          <reporter-output>
          </reporter-output>
        </test-method> <!-- tearDown -->
        <test-method is-config="true" signature="afterClass()[pri:0, instance:testCases.TC001_AccountRegistration@126945f9]" started-at="2025-08-09T02:19:47 IST" name="afterClass" finished-at="2025-08-09T02:19:47 IST" duration-ms="0" status="PASS">
          <reporter-output>
          </reporter-output>
        </test-method> <!-- afterClass -->
        <test-method is-config="true" signature="afterTest()[pri:0, instance:testCases.TC001_AccountRegistration@126945f9]" started-at="2025-08-09T02:19:56 IST" name="afterTest" finished-at="2025-08-09T02:19:56 IST" duration-ms="0" status="PASS">
          <reporter-output>
          </reporter-output>
        </test-method> <!-- afterTest -->
        <test-method is-config="true" signature="afterSuite()[pri:0, instance:testCases.TC001_AccountRegistration@126945f9]" started-at="2025-08-09T02:19:59 IST" name="afterSuite" finished-at="2025-08-09T02:19:59 IST" duration-ms="2" status="PASS">
          <reporter-output>
          </reporter-output>
        </test-method> <!-- afterSuite -->
      </class> <!-- testCases.TC001_AccountRegistration -->
    </test> <!-- test -->
  </suite> <!-- Suite -->
</testng-results>
