<?xml version="1.0" encoding="UTF-8"?>
<!-- Generated by org.testng.reporters.JUnitXMLReporter -->
<testsuite ignored="0" hostname="LAPTOP-CFJQRAR0" failures="0" tests="4" name="test" time="47.737" errors="0" timestamp="2025-08-08T23:48:12 IST">
  <testcase classname="testCases.TC001_AccountRegistration" name="verify_account_registration" time="4.384"/>
  <testcase classname="testCases.TC001_AccountRegistration" name="verify_account_registration_EmailConfirmation" time="4.069"/>
  <testcase classname="testCases.TC001_AccountRegistration" name="verify_account_registration_Newsletter_No_Validation" time="3.704"/>
  <testcase classname="testCases.TC001_AccountRegistration" name="verify_account_registration_Newsletter_yes_Validation" time="4.532"/>
</testsuite> <!-- test -->
